<?xml version="1.0" encoding="UTF-8"?>
<!-- Generated by org.testng.reporters.JUnitReportReporter -->
<testsuite hostname="raggarwal-ltm" name="com.mytest.Testgooglekeep.NewTest" tests="1" failures="0" timestamp="10 Oct 2017 16:02:00 GMT" time="4.175" errors="0">
  <testcase name="testEasy" time="4.175" classname="com.mytest.Testgooglekeep.NewTest"/>
</testsuite> <!-- com.mytest.Testgooglekeep.NewTest -->
