<?xml version="1.0" encoding="UTF-8"?>
<!-- Generated by org.testng.reporters.JUnitReportReporter -->
<testsuite hostname="raggarwal-ltm" name="com.mytest.Testgooglekeep.AppTest" tests="1" failures="0" timestamp="10 Oct 2017 16:02:00 GMT" time="0.000" errors="0">
  <testcase name="testApp" time="0.000" classname="com.mytest.Testgooglekeep.AppTest"/>
</testsuite> <!-- com.mytest.Testgooglekeep.AppTest -->
