<?xml version="1.0" encoding="UTF-8"?>
<!-- Generated by org.testng.reporters.JUnitReportReporter -->
<testsuite skipped="0" hostname="raggarwal-ltm" name="com.mytest.Testgooglekeep.NewTest" tests="2" failures="0" timestamp="11 Oct 2017 08:10:06 GMT" time="7.643" errors="0">
  <testcase name="testCreateNote" time="4.460" classname="com.mytest.Testgooglekeep.NewTest"/>
  <testcase name="testDeleteNote" time="3.183" classname="com.mytest.Testgooglekeep.NewTest"/>
</testsuite> <!-- com.mytest.Testgooglekeep.NewTest -->
