<?xml version="1.0" encoding="UTF-8"?>
<!-- Generated by org.testng.reporters.JUnitReportReporter -->
<testsuite skipped="0" hostname="raggarwal-ltm" name="com.test.amazon.NewTest" tests="1" failures="0" timestamp="26 Oct 2017 16:14:11 GMT" time="25.048" errors="0">
  <testcase name="testAddingItemToCard" time="25.048" classname="com.test.amazon.NewTest"/>
</testsuite> <!-- com.test.amazon.NewTest -->
